<?xml version="1.0" encoding="UTF-8"?>
<!-- Generated by org.testng.reporters.JUnitXMLReporter -->
<testsuite ignored="0" hostname="UTIPPANAMBP18.local" failures="1" tests="7" name="Test - SauceLabs Demo Website" time="69.036" errors="0" timestamp="2023-07-19T23:00:52 IST">
  <testcase classname="pageTests.YourCartPageTest" name="verifyTitle_YourCartPage" time="6.009"/>
  <testcase classname="pageTests.YourCartPageTest" name="verify_Product_In_Cart" time="0.899"/>
  <testcase classname="pageTests.YourCartPageTest" name="verify_removeProduct_From_CartPage" time="16.023">
    <failure type="java.lang.AssertionError" message="The following asserts failed:
	Product from cart is not removed expected [true] but found [false]">
      <![CDATA[java.lang.AssertionError: The following asserts failed:
Product from cart is not removed expected [true] but found [false]
at pageTests.YourCartPageTest.verify_removeProduct_From_CartPage(YourCartPageTest.java:107)
at java.base/java.util.ArrayList.forEach(ArrayList.java:1541)
... Removed 29 stack frames]]>
    </failure>
  </testcase> <!-- verify_removeProduct_From_CartPage -->
  <testcase classname="pageTests.ProductsPageTest" name="addProductToCart" time="5.291"/>
  <testcase classname="pageTests.ProductsPageTest" name="verifyProductIsPresent" time="0.416"/>
  <testcase classname="pageTests.ProductsPageTest" name="verifyProductsPageTitle" time="5.041"/>
  <testcase classname="pageTests.LoginPageTest" name="verifyLoginPageTest" time="0.381"/>
</testsuite> <!-- Test - SauceLabs Demo Website -->
