<?xml version="1.0" encoding="UTF-8"?>
<!-- Generated by org.testng.reporters.JUnitXMLReporter -->
<testsuite ignored="0" hostname="Udayas-MacBook-Air.local" failures="1" tests="7" name="Test - SauceLabs Demo Website" time="118.419" errors="0" timestamp="2023-05-29T08:12:35 IST">
  <testcase classname="pageTests.YourCartPageTest" name="verifyTitle_YourCartPage" time="8.198"/>
  <testcase classname="pageTests.YourCartPageTest" name="verify_Product_In_Cart" time="8.217"/>
  <testcase classname="pageTests.YourCartPageTest" name="verify_removeProduct_From_CartPage" time="18.492">
    <failure type="java.lang.AssertionError" message="The following asserts failed:
	Product from cart is not removed expected [true] but found [false]">
      <![CDATA[java.lang.AssertionError: The following asserts failed:
Product from cart is not removed expected [true] but found [false]
at pageTests.YourCartPageTest.verify_removeProduct_From_CartPage(YourCartPageTest.java:107)
at java.base/java.util.ArrayList.forEach(ArrayList.java:1541)
... Removed 32 stack frames]]>
    </failure>
  </testcase> <!-- verify_removeProduct_From_CartPage -->
  <testcase classname="pageTests.ProductsPageTest" name="addProductToCart" time="5.524"/>
  <testcase classname="pageTests.ProductsPageTest" name="verifyProductIsPresent" time="5.423"/>
  <testcase classname="pageTests.ProductsPageTest" name="verifyProductsPageTitle" time="5.099"/>
  <testcase classname="pageTests.LoginPageTest" name="verifyLoginPageTest" time="7.43"/>
</testsuite> <!-- Test - SauceLabs Demo Website -->
