<?xml version="1.0" encoding="UTF-8"?>
<testng-results ignored="0" total="7" passed="6" failed="1" skipped="0">
  <reporter-output>
  </reporter-output>
  <suite started-at="2023-05-29T08:10:36 IST" name="Suite" finished-at="2023-05-29T08:12:35 IST" duration-ms="118419">
    <groups>
    </groups>
    <test started-at="2023-05-29T08:10:36 IST" name="Test - SauceLabs Demo Website" finished-at="2023-05-29T08:12:35 IST" duration-ms="118419">
      <class name="pageTests.ProductsPageTest">
        <test-method is-config="true" signature="setUp()[pri:0, instance:pageTests.ProductsPageTest@3d8b319e]" started-at="2023-05-29T08:11:41 IST" name="setUp" finished-at="2023-05-29T08:11:49 IST" duration-ms="8191" status="PASS">
          <reporter-output>
          </reporter-output>
        </test-method> <!-- setUp -->
        <test-method signature="addProductToCart()[pri:0, instance:pageTests.ProductsPageTest@3d8b319e]" started-at="2023-05-29T08:11:49 IST" name="addProductToCart" finished-at="2023-05-29T08:11:54 IST" duration-ms="5524" status="PASS">
          <reporter-output>
          </reporter-output>
        </test-method> <!-- addProductToCart -->
        <test-method is-config="true" signature="tearDown()[pri:0, instance:pageTests.ProductsPageTest@3d8b319e]" started-at="2023-05-29T08:11:54 IST" name="tearDown" finished-at="2023-05-29T08:11:54 IST" duration-ms="99" status="PASS">
          <reporter-output>
          </reporter-output>
        </test-method> <!-- tearDown -->
        <test-method is-config="true" signature="setUp()[pri:0, instance:pageTests.ProductsPageTest@3d8b319e]" started-at="2023-05-29T08:11:54 IST" name="setUp" finished-at="2023-05-29T08:12:03 IST" duration-ms="8187" status="PASS">
          <reporter-output>
          </reporter-output>
        </test-method> <!-- setUp -->
        <test-method signature="verifyProductIsPresent()[pri:0, instance:pageTests.ProductsPageTest@3d8b319e]" started-at="2023-05-29T08:12:03 IST" name="verifyProductIsPresent" finished-at="2023-05-29T08:12:08 IST" duration-ms="5423" status="PASS">
          <reporter-output>
          </reporter-output>
        </test-method> <!-- verifyProductIsPresent -->
        <test-method is-config="true" signature="tearDown()[pri:0, instance:pageTests.ProductsPageTest@3d8b319e]" started-at="2023-05-29T08:12:08 IST" name="tearDown" finished-at="2023-05-29T08:12:08 IST" duration-ms="110" status="PASS">
          <reporter-output>
          </reporter-output>
        </test-method> <!-- tearDown -->
        <test-method is-config="true" signature="setUp()[pri:0, instance:pageTests.ProductsPageTest@3d8b319e]" started-at="2023-05-29T08:12:08 IST" name="setUp" finished-at="2023-05-29T08:12:16 IST" duration-ms="8216" status="PASS">
          <reporter-output>
          </reporter-output>
        </test-method> <!-- setUp -->
        <test-method signature="verifyProductsPageTitle()[pri:0, instance:pageTests.ProductsPageTest@3d8b319e]" started-at="2023-05-29T08:12:16 IST" name="verifyProductsPageTitle" finished-at="2023-05-29T08:12:22 IST" duration-ms="5099" status="PASS">
          <reporter-output>
          </reporter-output>
        </test-method> <!-- verifyProductsPageTitle -->
        <test-method is-config="true" signature="tearDown()[pri:0, instance:pageTests.ProductsPageTest@3d8b319e]" started-at="2023-05-29T08:12:22 IST" name="tearDown" finished-at="2023-05-29T08:12:22 IST" duration-ms="128" status="PASS">
          <reporter-output>
          </reporter-output>
        </test-method> <!-- tearDown -->
      </class> <!-- pageTests.ProductsPageTest -->
      <class name="pageTests.YourCartPageTest">
        <test-method is-config="true" signature="setUp()[pri:0, instance:pageTests.YourCartPageTest@7aa9e414]" started-at="2023-05-29T08:10:42 IST" name="setUp" finished-at="2023-05-29T08:10:53 IST" duration-ms="11127" status="PASS">
          <reporter-output>
          </reporter-output>
        </test-method> <!-- setUp -->
        <test-method signature="verifyTitle_YourCartPage(java.lang.String,java.lang.String)[pri:0, instance:pageTests.YourCartPageTest@7aa9e414]" started-at="2023-05-29T08:10:53 IST" name="verifyTitle_YourCartPage" description="To verify title of the Page : Your Cart" data-provider="getCredentialsTestData" finished-at="2023-05-29T08:11:02 IST" duration-ms="8198" status="PASS">
          <params>
            <param index="0">
              <value>
                <![CDATA[standard_user]]>
              </value>
            </param>
            <param index="1">
              <value>
                <![CDATA[secret_sauce]]>
              </value>
            </param>
          </params>
          <reporter-output>
          </reporter-output>
        </test-method> <!-- verifyTitle_YourCartPage -->
        <test-method is-config="true" signature="tearDown()[pri:0, instance:pageTests.YourCartPageTest@7aa9e414]" started-at="2023-05-29T08:11:02 IST" name="tearDown" finished-at="2023-05-29T08:11:02 IST" duration-ms="105" status="PASS">
          <reporter-output>
          </reporter-output>
        </test-method> <!-- tearDown -->
        <test-method is-config="true" signature="setUp()[pri:0, instance:pageTests.YourCartPageTest@7aa9e414]" started-at="2023-05-29T08:11:02 IST" name="setUp" finished-at="2023-05-29T08:11:07 IST" duration-ms="5827" status="PASS">
          <reporter-output>
          </reporter-output>
        </test-method> <!-- setUp -->
        <test-method signature="verify_Product_In_Cart(java.lang.String,java.lang.String)[pri:0, instance:pageTests.YourCartPageTest@7aa9e414]" started-at="2023-05-29T08:11:07 IST" name="verify_Product_In_Cart" description="Adding product to Cart" data-provider="getCredentialsTestData" finished-at="2023-05-29T08:11:16 IST" duration-ms="8217" status="PASS">
          <params>
            <param index="0">
              <value>
                <![CDATA[standard_user]]>
              </value>
            </param>
            <param index="1">
              <value>
                <![CDATA[secret_sauce]]>
              </value>
            </param>
          </params>
          <reporter-output>
          </reporter-output>
        </test-method> <!-- verify_Product_In_Cart -->
        <test-method is-config="true" signature="tearDown()[pri:0, instance:pageTests.YourCartPageTest@7aa9e414]" started-at="2023-05-29T08:11:16 IST" name="tearDown" finished-at="2023-05-29T08:11:16 IST" duration-ms="127" status="PASS">
          <reporter-output>
          </reporter-output>
        </test-method> <!-- tearDown -->
        <test-method is-config="true" signature="setUp()[pri:0, instance:pageTests.YourCartPageTest@7aa9e414]" started-at="2023-05-29T08:11:16 IST" name="setUp" finished-at="2023-05-29T08:11:22 IST" duration-ms="5938" status="PASS">
          <reporter-output>
          </reporter-output>
        </test-method> <!-- setUp -->
        <test-method signature="verify_removeProduct_From_CartPage(java.lang.String,java.lang.String)[pri:0, instance:pageTests.YourCartPageTest@7aa9e414]" started-at="2023-05-29T08:11:22 IST" name="verify_removeProduct_From_CartPage" description="Removing product from Cart" data-provider="getCredentialsTestData" finished-at="2023-05-29T08:11:40 IST" duration-ms="18492" status="FAIL">
          <params>
            <param index="0">
              <value>
                <![CDATA[standard_user]]>
              </value>
            </param>
            <param index="1">
              <value>
                <![CDATA[secret_sauce]]>
              </value>
            </param>
          </params>
          <exception class="java.lang.AssertionError">
            <message>
              <![CDATA[The following asserts failed:
Product from cart is not removed expected [true] but found [false]]]>
            </message>
            <full-stacktrace>
              <![CDATA[java.lang.AssertionError: The following asserts failed:
Product from cart is not removed expected [true] but found [false]
at org.testng.asserts.SoftAssert.assertAll(SoftAssert.java:46)
at org.testng.asserts.SoftAssert.assertAll(SoftAssert.java:30)
at pageTests.YourCartPageTest.verify_removeProduct_From_CartPage(YourCartPageTest.java:107)
at java.base/jdk.internal.reflect.NativeMethodAccessorImpl.invoke0(Native Method)
at java.base/jdk.internal.reflect.NativeMethodAccessorImpl.invoke(NativeMethodAccessorImpl.java:62)
at java.base/jdk.internal.reflect.DelegatingMethodAccessorImpl.invoke(DelegatingMethodAccessorImpl.java:43)
at java.base/java.lang.reflect.Method.invoke(Method.java:566)
at org.testng.internal.invokers.MethodInvocationHelper.invokeMethod(MethodInvocationHelper.java:139)
at org.testng.internal.invokers.TestInvoker.invokeMethod(TestInvoker.java:677)
at org.testng.internal.invokers.TestInvoker.invokeTestMethod(TestInvoker.java:221)
at org.testng.internal.invokers.MethodRunner.runInSequence(MethodRunner.java:50)
at org.testng.internal.invokers.TestInvoker$MethodInvocationAgent.invoke(TestInvoker.java:962)
at org.testng.internal.invokers.TestInvoker.invokeTestMethods(TestInvoker.java:194)
at org.testng.internal.invokers.TestMethodWorker.invokeTestMethods(TestMethodWorker.java:148)
at org.testng.internal.invokers.TestMethodWorker.run(TestMethodWorker.java:128)
at java.base/java.util.ArrayList.forEach(ArrayList.java:1541)
at org.testng.TestRunner.privateRun(TestRunner.java:806)
at org.testng.TestRunner.run(TestRunner.java:601)
at org.testng.SuiteRunner.runTest(SuiteRunner.java:433)
at org.testng.SuiteRunner.runSequentially(SuiteRunner.java:427)
at org.testng.SuiteRunner.privateRun(SuiteRunner.java:387)
at org.testng.SuiteRunner.run(SuiteRunner.java:330)
at org.testng.SuiteRunnerWorker.runSuite(SuiteRunnerWorker.java:52)
at org.testng.SuiteRunnerWorker.run(SuiteRunnerWorker.java:95)
at org.testng.TestNG.runSuitesSequentially(TestNG.java:1256)
at org.testng.TestNG.runSuitesLocally(TestNG.java:1176)
at org.testng.TestNG.runSuites(TestNG.java:1099)
at org.testng.TestNG.run(TestNG.java:1067)
at org.apache.maven.surefire.testng.TestNGExecutor.run(TestNGExecutor.java:283)
at org.apache.maven.surefire.testng.TestNGXmlTestSuite.execute(TestNGXmlTestSuite.java:75)
at org.apache.maven.surefire.testng.TestNGProvider.invoke(TestNGProvider.java:120)
at org.apache.maven.surefire.booter.ForkedBooter.invokeProviderInSameClassLoader(ForkedBooter.java:386)
at org.apache.maven.surefire.booter.ForkedBooter.runSuitesInProcess(ForkedBooter.java:323)
at org.apache.maven.surefire.booter.ForkedBooter.main(ForkedBooter.java:143)
]]>
            </full-stacktrace>
          </exception> <!-- java.lang.AssertionError -->
          <reporter-output>
          </reporter-output>
        </test-method> <!-- verify_removeProduct_From_CartPage -->
        <test-method is-config="true" signature="tearDown()[pri:0, instance:pageTests.YourCartPageTest@7aa9e414]" started-at="2023-05-29T08:11:41 IST" name="tearDown" finished-at="2023-05-29T08:11:41 IST" duration-ms="88" status="PASS">
          <reporter-output>
          </reporter-output>
        </test-method> <!-- tearDown -->
      </class> <!-- pageTests.YourCartPageTest -->
      <class name="pageTests.LoginPageTest">
        <test-method is-config="true" signature="setUp()[pri:0, instance:pageTests.LoginPageTest@27a97e08]" started-at="2023-05-29T08:12:22 IST" name="setUp" finished-at="2023-05-29T08:12:27 IST" duration-ms="5642" status="PASS">
          <reporter-output>
          </reporter-output>
        </test-method> <!-- setUp -->
        <test-method signature="verifyLoginPageTest()[pri:0, instance:pageTests.LoginPageTest@27a97e08]" started-at="2023-05-29T08:12:27 IST" name="verifyLoginPageTest" finished-at="2023-05-29T08:12:35 IST" duration-ms="7430" status="PASS">
          <reporter-output>
          </reporter-output>
        </test-method> <!-- verifyLoginPageTest -->
        <test-method is-config="true" signature="tearDown()[pri:0, instance:pageTests.LoginPageTest@27a97e08]" started-at="2023-05-29T08:12:35 IST" name="tearDown" finished-at="2023-05-29T08:12:35 IST" duration-ms="132" status="PASS">
          <reporter-output>
          </reporter-output>
        </test-method> <!-- tearDown -->
      </class> <!-- pageTests.LoginPageTest -->
    </test> <!-- Test - SauceLabs Demo Website -->
  </suite> <!-- Suite -->
</testng-results>
