<?xml version="1.0" encoding="UTF-8"?>
<testng-results ignored="0" total="7" passed="5" failed="2" skipped="0">
  <reporter-output>
  </reporter-output>
  <suite started-at="2023-07-21T16:12:28 IST" name="Suite" finished-at="2023-07-21T16:13:36 IST" duration-ms="67382">
    <groups>
    </groups>
    <test started-at="2023-07-21T16:12:28 IST" name="Test - SauceLabs Demo Website" finished-at="2023-07-21T16:13:36 IST" duration-ms="67382">
      <class name="pageTests.ProductsPageTest">
        <test-method is-config="true" signature="setUp()[pri:0, instance:pageTests.ProductsPageTest@47a7a101]" started-at="2023-07-21T16:13:10 IST" name="setUp" finished-at="2023-07-21T16:13:14 IST" duration-ms="3467" status="PASS">
          <reporter-output>
          </reporter-output>
        </test-method> <!-- setUp -->
        <test-method signature="addProductToCart()[pri:0, instance:pageTests.ProductsPageTest@47a7a101]" started-at="2023-07-21T16:13:14 IST" name="addProductToCart" finished-at="2023-07-21T16:13:19 IST" duration-ms="5314" status="PASS">
          <reporter-output>
          </reporter-output>
        </test-method> <!-- addProductToCart -->
        <test-method is-config="true" signature="tearDown()[pri:0, instance:pageTests.ProductsPageTest@47a7a101]" started-at="2023-07-21T16:13:19 IST" name="tearDown" finished-at="2023-07-21T16:13:19 IST" duration-ms="105" status="PASS">
          <reporter-output>
          </reporter-output>
        </test-method> <!-- tearDown -->
        <test-method is-config="true" signature="setUp()[pri:0, instance:pageTests.ProductsPageTest@47a7a101]" started-at="2023-07-21T16:13:19 IST" name="setUp" finished-at="2023-07-21T16:13:23 IST" duration-ms="3525" status="PASS">
          <reporter-output>
          </reporter-output>
        </test-method> <!-- setUp -->
        <test-method signature="verifyProductIsPresent()[pri:0, instance:pageTests.ProductsPageTest@47a7a101]" started-at="2023-07-21T16:13:23 IST" name="verifyProductIsPresent" finished-at="2023-07-21T16:13:23 IST" duration-ms="357" status="PASS">
          <reporter-output>
          </reporter-output>
        </test-method> <!-- verifyProductIsPresent -->
        <test-method is-config="true" signature="tearDown()[pri:0, instance:pageTests.ProductsPageTest@47a7a101]" started-at="2023-07-21T16:13:23 IST" name="tearDown" finished-at="2023-07-21T16:13:23 IST" duration-ms="134" status="PASS">
          <reporter-output>
          </reporter-output>
        </test-method> <!-- tearDown -->
        <test-method is-config="true" signature="setUp()[pri:0, instance:pageTests.ProductsPageTest@47a7a101]" started-at="2023-07-21T16:13:23 IST" name="setUp" finished-at="2023-07-21T16:13:27 IST" duration-ms="3474" status="PASS">
          <reporter-output>
          </reporter-output>
        </test-method> <!-- setUp -->
        <test-method signature="verifyProductsPageTitle()[pri:0, instance:pageTests.ProductsPageTest@47a7a101]" started-at="2023-07-21T16:13:27 IST" name="verifyProductsPageTitle" finished-at="2023-07-21T16:13:32 IST" duration-ms="5038" status="PASS">
          <reporter-output>
          </reporter-output>
        </test-method> <!-- verifyProductsPageTitle -->
        <test-method is-config="true" signature="tearDown()[pri:0, instance:pageTests.ProductsPageTest@47a7a101]" started-at="2023-07-21T16:13:32 IST" name="tearDown" finished-at="2023-07-21T16:13:32 IST" duration-ms="145" status="PASS">
          <reporter-output>
          </reporter-output>
        </test-method> <!-- tearDown -->
      </class> <!-- pageTests.ProductsPageTest -->
      <class name="pageTests.YourCartPageTest">
        <test-method is-config="true" signature="setUp()[pri:0, instance:pageTests.YourCartPageTest@52d6cd34]" started-at="2023-07-21T16:12:35 IST" name="setUp" finished-at="2023-07-21T16:12:40 IST" duration-ms="5101" status="PASS">
          <reporter-output>
          </reporter-output>
        </test-method> <!-- setUp -->
        <test-method signature="verifyTitle_YourCartPage(java.lang.String,java.lang.String)[pri:0, instance:pageTests.YourCartPageTest@52d6cd34]" started-at="2023-07-21T16:12:40 IST" name="verifyTitle_YourCartPage" description="To verify title of the Page : Your Cart" data-provider="getCredentialsTestData" finished-at="2023-07-21T16:12:46 IST" duration-ms="5789" status="FAIL">
          <params>
            <param index="0">
              <value>
                <![CDATA[standard_user]]>
              </value>
            </param>
            <param index="1">
              <value>
                <![CDATA[secret_sauce]]>
              </value>
            </param>
          </params>
          <exception class="java.lang.AssertionError">
            <message>
              <![CDATA[The following asserts failed:
Your cart page is not displayed expected [Your Car] but found [Your Cart]]]>
            </message>
            <full-stacktrace>
              <![CDATA[java.lang.AssertionError: The following asserts failed:
Your cart page is not displayed expected [Your Car] but found [Your Cart]
at org.testng.asserts.SoftAssert.assertAll(SoftAssert.java:47)
at org.testng.asserts.SoftAssert.assertAll(SoftAssert.java:31)
at pageTests.YourCartPageTest.verifyTitle_YourCartPage(YourCartPageTest.java:75)
at java.base/jdk.internal.reflect.NativeMethodAccessorImpl.invoke0(Native Method)
at java.base/jdk.internal.reflect.NativeMethodAccessorImpl.invoke(NativeMethodAccessorImpl.java:62)
at java.base/jdk.internal.reflect.DelegatingMethodAccessorImpl.invoke(DelegatingMethodAccessorImpl.java:43)
at java.base/java.lang.reflect.Method.invoke(Method.java:566)
at org.testng.internal.MethodInvocationHelper.invokeMethod(MethodInvocationHelper.java:133)
at org.testng.internal.TestInvoker.invokeMethod(TestInvoker.java:598)
at org.testng.internal.TestInvoker.invokeTestMethod(TestInvoker.java:173)
at org.testng.internal.MethodRunner.runInSequence(MethodRunner.java:46)
at org.testng.internal.TestInvoker$MethodInvocationAgent.invoke(TestInvoker.java:824)
at org.testng.internal.TestInvoker.invokeTestMethods(TestInvoker.java:146)
at org.testng.internal.TestMethodWorker.invokeTestMethods(TestMethodWorker.java:146)
at org.testng.internal.TestMethodWorker.run(TestMethodWorker.java:128)
at java.base/java.util.ArrayList.forEach(ArrayList.java:1541)
at org.testng.TestRunner.privateRun(TestRunner.java:794)
at org.testng.TestRunner.run(TestRunner.java:596)
at org.testng.SuiteRunner.runTest(SuiteRunner.java:377)
at org.testng.SuiteRunner.runSequentially(SuiteRunner.java:371)
at org.testng.SuiteRunner.privateRun(SuiteRunner.java:332)
at org.testng.SuiteRunner.run(SuiteRunner.java:276)
at org.testng.SuiteRunnerWorker.runSuite(SuiteRunnerWorker.java:53)
at org.testng.SuiteRunnerWorker.run(SuiteRunnerWorker.java:96)
at org.testng.TestNG.runSuitesSequentially(TestNG.java:1212)
at org.testng.TestNG.runSuitesLocally(TestNG.java:1134)
at org.testng.TestNG.runSuites(TestNG.java:1063)
at org.testng.TestNG.run(TestNG.java:1031)
at org.testng.remote.AbstractRemoteTestNG.run(AbstractRemoteTestNG.java:115)
at org.testng.remote.RemoteTestNG.initAndRun(RemoteTestNG.java:251)
at org.testng.remote.RemoteTestNG.main(RemoteTestNG.java:77)
]]>
            </full-stacktrace>
          </exception> <!-- java.lang.AssertionError -->
          <reporter-output>
          </reporter-output>
        </test-method> <!-- verifyTitle_YourCartPage -->
        <test-method is-config="true" signature="tearDown()[pri:0, instance:pageTests.YourCartPageTest@52d6cd34]" started-at="2023-07-21T16:12:46 IST" name="tearDown" finished-at="2023-07-21T16:12:46 IST" duration-ms="113" status="PASS">
          <reporter-output>
          </reporter-output>
        </test-method> <!-- tearDown -->
        <test-method is-config="true" signature="setUp()[pri:0, instance:pageTests.YourCartPageTest@52d6cd34]" started-at="2023-07-21T16:12:46 IST" name="setUp" finished-at="2023-07-21T16:12:50 IST" duration-ms="3552" status="PASS">
          <reporter-output>
          </reporter-output>
        </test-method> <!-- setUp -->
        <test-method signature="verify_Product_In_Cart(java.lang.String,java.lang.String)[pri:0, instance:pageTests.YourCartPageTest@52d6cd34]" started-at="2023-07-21T16:12:50 IST" name="verify_Product_In_Cart" description="Adding product to Cart" data-provider="getCredentialsTestData" finished-at="2023-07-21T16:12:50 IST" duration-ms="701" status="PASS">
          <params>
            <param index="0">
              <value>
                <![CDATA[standard_user]]>
              </value>
            </param>
            <param index="1">
              <value>
                <![CDATA[secret_sauce]]>
              </value>
            </param>
          </params>
          <reporter-output>
          </reporter-output>
        </test-method> <!-- verify_Product_In_Cart -->
        <test-method is-config="true" signature="tearDown()[pri:0, instance:pageTests.YourCartPageTest@52d6cd34]" started-at="2023-07-21T16:12:50 IST" name="tearDown" finished-at="2023-07-21T16:12:51 IST" duration-ms="147" status="PASS">
          <reporter-output>
          </reporter-output>
        </test-method> <!-- tearDown -->
        <test-method is-config="true" signature="setUp()[pri:0, instance:pageTests.YourCartPageTest@52d6cd34]" started-at="2023-07-21T16:12:51 IST" name="setUp" finished-at="2023-07-21T16:12:54 IST" duration-ms="3346" status="PASS">
          <reporter-output>
          </reporter-output>
        </test-method> <!-- setUp -->
        <test-method signature="verify_removeProduct_From_CartPage(java.lang.String,java.lang.String)[pri:0, instance:pageTests.YourCartPageTest@52d6cd34]" started-at="2023-07-21T16:12:54 IST" name="verify_removeProduct_From_CartPage" description="Removing product from Cart" data-provider="getCredentialsTestData" finished-at="2023-07-21T16:13:10 IST" duration-ms="15827" status="FAIL">
          <params>
            <param index="0">
              <value>
                <![CDATA[standard_user]]>
              </value>
            </param>
            <param index="1">
              <value>
                <![CDATA[secret_sauce]]>
              </value>
            </param>
          </params>
          <exception class="java.lang.AssertionError">
            <message>
              <![CDATA[The following asserts failed:
Product from cart is not removed expected [true] but found [false]]]>
            </message>
            <full-stacktrace>
              <![CDATA[java.lang.AssertionError: The following asserts failed:
Product from cart is not removed expected [true] but found [false]
at org.testng.asserts.SoftAssert.assertAll(SoftAssert.java:47)
at org.testng.asserts.SoftAssert.assertAll(SoftAssert.java:31)
at pageTests.YourCartPageTest.verify_removeProduct_From_CartPage(YourCartPageTest.java:107)
at java.base/jdk.internal.reflect.NativeMethodAccessorImpl.invoke0(Native Method)
at java.base/jdk.internal.reflect.NativeMethodAccessorImpl.invoke(NativeMethodAccessorImpl.java:62)
at java.base/jdk.internal.reflect.DelegatingMethodAccessorImpl.invoke(DelegatingMethodAccessorImpl.java:43)
at java.base/java.lang.reflect.Method.invoke(Method.java:566)
at org.testng.internal.MethodInvocationHelper.invokeMethod(MethodInvocationHelper.java:133)
at org.testng.internal.TestInvoker.invokeMethod(TestInvoker.java:598)
at org.testng.internal.TestInvoker.invokeTestMethod(TestInvoker.java:173)
at org.testng.internal.MethodRunner.runInSequence(MethodRunner.java:46)
at org.testng.internal.TestInvoker$MethodInvocationAgent.invoke(TestInvoker.java:824)
at org.testng.internal.TestInvoker.invokeTestMethods(TestInvoker.java:146)
at org.testng.internal.TestMethodWorker.invokeTestMethods(TestMethodWorker.java:146)
at org.testng.internal.TestMethodWorker.run(TestMethodWorker.java:128)
at java.base/java.util.ArrayList.forEach(ArrayList.java:1541)
at org.testng.TestRunner.privateRun(TestRunner.java:794)
at org.testng.TestRunner.run(TestRunner.java:596)
at org.testng.SuiteRunner.runTest(SuiteRunner.java:377)
at org.testng.SuiteRunner.runSequentially(SuiteRunner.java:371)
at org.testng.SuiteRunner.privateRun(SuiteRunner.java:332)
at org.testng.SuiteRunner.run(SuiteRunner.java:276)
at org.testng.SuiteRunnerWorker.runSuite(SuiteRunnerWorker.java:53)
at org.testng.SuiteRunnerWorker.run(SuiteRunnerWorker.java:96)
at org.testng.TestNG.runSuitesSequentially(TestNG.java:1212)
at org.testng.TestNG.runSuitesLocally(TestNG.java:1134)
at org.testng.TestNG.runSuites(TestNG.java:1063)
at org.testng.TestNG.run(TestNG.java:1031)
at org.testng.remote.AbstractRemoteTestNG.run(AbstractRemoteTestNG.java:115)
at org.testng.remote.RemoteTestNG.initAndRun(RemoteTestNG.java:251)
at org.testng.remote.RemoteTestNG.main(RemoteTestNG.java:77)
]]>
            </full-stacktrace>
          </exception> <!-- java.lang.AssertionError -->
          <reporter-output>
          </reporter-output>
        </test-method> <!-- verify_removeProduct_From_CartPage -->
        <test-method is-config="true" signature="tearDown()[pri:0, instance:pageTests.YourCartPageTest@52d6cd34]" started-at="2023-07-21T16:13:10 IST" name="tearDown" finished-at="2023-07-21T16:13:10 IST" duration-ms="146" status="PASS">
          <reporter-output>
          </reporter-output>
        </test-method> <!-- tearDown -->
      </class> <!-- pageTests.YourCartPageTest -->
      <class name="pageTests.LoginPageTest">
        <test-method is-config="true" signature="setUp()[pri:0, instance:pageTests.LoginPageTest@5bb51241]" started-at="2023-07-21T16:13:32 IST" name="setUp" finished-at="2023-07-21T16:13:35 IST" duration-ms="3115" status="PASS">
          <reporter-output>
          </reporter-output>
        </test-method> <!-- setUp -->
        <test-method signature="verifyLoginPageTest()[pri:0, instance:pageTests.LoginPageTest@5bb51241]" started-at="2023-07-21T16:13:35 IST" name="verifyLoginPageTest" finished-at="2023-07-21T16:13:35 IST" duration-ms="384" status="PASS">
          <reporter-output>
          </reporter-output>
        </test-method> <!-- verifyLoginPageTest -->
        <test-method is-config="true" signature="tearDown()[pri:0, instance:pageTests.LoginPageTest@5bb51241]" started-at="2023-07-21T16:13:35 IST" name="tearDown" finished-at="2023-07-21T16:13:36 IST" duration-ms="123" status="PASS">
          <reporter-output>
          </reporter-output>
        </test-method> <!-- tearDown -->
      </class> <!-- pageTests.LoginPageTest -->
    </test> <!-- Test - SauceLabs Demo Website -->
  </suite> <!-- Suite -->
</testng-results>
